{"/home/vitor/Documents/Workspace/nlw-return/server/src/services/submit-feedback-service.ts": {"path":"/home/vitor/Documents/Workspace/nlw-return/server/src/services/submit-feedback-service.ts","all":false,"statementMap":{"0":{"start":{"line":1,"column":0},"end":{"line":1,"column":55}},"1":{"start":{"line":2,"column":0},"end":{"line":2,"column":75}},"2":{"start":{"line":3,"column":0},"end":{"line":3,"column":0}},"3":{"start":{"line":4,"column":0},"end":{"line":4,"column":40}},"4":{"start":{"line":5,"column":0},"end":{"line":5,"column":15}},"5":{"start":{"line":6,"column":0},"end":{"line":6,"column":18}},"6":{"start":{"line":7,"column":0},"end":{"line":7,"column":22}},"7":{"start":{"line":8,"column":0},"end":{"line":8,"column":1}},"8":{"start":{"line":9,"column":0},"end":{"line":9,"column":0}},"9":{"start":{"line":10,"column":0},"end":{"line":10,"column":36}},"10":{"start":{"line":11,"column":0},"end":{"line":11,"column":100}},"11":{"start":{"line":12,"column":0},"end":{"line":12,"column":56}},"12":{"start":{"line":13,"column":0},"end":{"line":13,"column":50}},"13":{"start":{"line":14,"column":0},"end":{"line":14,"column":0}},"14":{"start":{"line":15,"column":0},"end":{"line":15,"column":16}},"15":{"start":{"line":16,"column":0},"end":{"line":16,"column":43}},"16":{"start":{"line":17,"column":0},"end":{"line":17,"column":5}},"17":{"start":{"line":18,"column":0},"end":{"line":18,"column":0}},"18":{"start":{"line":19,"column":0},"end":{"line":19,"column":19}},"19":{"start":{"line":20,"column":0},"end":{"line":20,"column":46}},"20":{"start":{"line":21,"column":0},"end":{"line":21,"column":5}},"21":{"start":{"line":22,"column":0},"end":{"line":22,"column":0}},"22":{"start":{"line":23,"column":0},"end":{"line":23,"column":73}},"23":{"start":{"line":24,"column":0},"end":{"line":24,"column":52}},"24":{"start":{"line":25,"column":0},"end":{"line":25,"column":5}},"25":{"start":{"line":26,"column":0},"end":{"line":26,"column":0}},"26":{"start":{"line":27,"column":0},"end":{"line":27,"column":73}},"27":{"start":{"line":28,"column":0},"end":{"line":28,"column":37}},"28":{"start":{"line":29,"column":0},"end":{"line":29,"column":30}},"29":{"start":{"line":30,"column":0},"end":{"line":30,"column":144}},"30":{"start":{"line":31,"column":0},"end":{"line":31,"column":7}},"31":{"start":{"line":32,"column":0},"end":{"line":32,"column":0}},"32":{"start":{"line":33,"column":0},"end":{"line":33,"column":85}},"33":{"start":{"line":34,"column":0},"end":{"line":34,"column":7}},"34":{"start":{"line":35,"column":0},"end":{"line":35,"column":70}},"35":{"start":{"line":36,"column":0},"end":{"line":36,"column":71}},"36":{"start":{"line":37,"column":0},"end":{"line":37,"column":105}},"37":{"start":{"line":38,"column":0},"end":{"line":38,"column":6}},"38":{"start":{"line":39,"column":0},"end":{"line":39,"column":3}},"39":{"start":{"line":40,"column":0},"end":{"line":40,"column":1}}},"s":{"0":1,"1":1,"2":1,"3":1,"4":1,"5":1,"6":1,"7":1,"8":1,"9":1,"10":1,"11":1,"12":4,"13":4,"14":4,"15":1,"16":1,"17":3,"18":4,"19":1,"20":1,"21":2,"22":4,"23":1,"24":1,"25":1,"26":1,"27":1,"28":1,"29":1,"30":1,"31":1,"32":1,"33":1,"34":1,"35":1,"36":1,"37":1,"38":1,"39":1},"branchMap":{"0":{"type":"branch","line":12,"loc":{"start":{"line":12,"column":2},"end":{"line":38,"column":6}},"locations":[{"start":{"line":12,"column":2},"end":{"line":38,"column":6}}]},"1":{"type":"branch","line":15,"loc":{"start":{"line":15,"column":15},"end":{"line":17,"column":5}},"locations":[{"start":{"line":15,"column":15},"end":{"line":17,"column":5}}]},"2":{"type":"branch","line":18,"loc":{"start":{"line":18,"column":-1},"end":{"line":19,"column":18}},"locations":[{"start":{"line":18,"column":-1},"end":{"line":19,"column":18}}]},"3":{"type":"branch","line":19,"loc":{"start":{"line":19,"column":18},"end":{"line":21,"column":5}},"locations":[{"start":{"line":19,"column":18},"end":{"line":21,"column":5}}]},"4":{"type":"branch","line":22,"loc":{"start":{"line":22,"column":-1},"end":{"line":23,"column":72}},"locations":[{"start":{"line":22,"column":-1},"end":{"line":23,"column":72}}]},"5":{"type":"branch","line":23,"loc":{"start":{"line":23,"column":45},"end":{"line":23,"column":33}},"locations":[{"start":{"line":23,"column":45},"end":{"line":23,"column":33}}]},"6":{"type":"branch","line":23,"loc":{"start":{"line":23,"column":72},"end":{"line":38,"column":6}},"locations":[{"start":{"line":23,"column":72},"end":{"line":38,"column":6}}]},"7":{"type":"branch","line":11,"loc":{"start":{"line":11,"column":2},"end":{"line":11,"column":100}},"locations":[{"start":{"line":11,"column":2},"end":{"line":11,"column":100}}]}},"b":{"0":[4],"1":[1],"2":[3],"3":[1],"4":[2],"5":[0],"6":[1],"7":[1]},"fnMap":{"0":{"name":"execute","decl":{"start":{"line":12,"column":2},"end":{"line":38,"column":6}},"loc":{"start":{"line":12,"column":2},"end":{"line":38,"column":6}},"line":12},"1":{"name":"SubmitFeedbackService","decl":{"start":{"line":11,"column":2},"end":{"line":11,"column":100}},"loc":{"start":{"line":11,"column":2},"end":{"line":11,"column":100}},"line":11}},"f":{"0":4,"1":1}}
}
